<?xml version="1.0" encoding="UTF-8"?>
<!-- Generated by org.testng.reporters.JUnitReportReporter -->
<testsuite hostname="Nehas-MacBook-Pro.local" failures="0" tests="2" name="Test1" time="0.002" errors="0" timestamp="3 Mar 2020 11:29:47 GMT">
  <testcase classname="Test1" name="method3" time="0.001"/>
  <testcase classname="Test1" name="method3" time="0.001"/>
</testsuite> <!-- Test1 -->
