<?xml version="1.0" encoding="UTF-8"?>
<!-- Generated by org.testng.reporters.JUnitReportReporter -->
<testsuite hostname="Preetys-MacBook-Pro.local" failures="0" tests="1" name="tests.LoginTest" time="7.509" errors="0" timestamp="4 Mar 2020 07:03:55 GMT">
  <testcase classname="tests.LoginTest" name="verifylogin" time="7.509"/>
</testsuite> <!-- tests.LoginTest -->
